19:44:13 **** Incremental Build of configuration Debug for project projec ****
make all 
Building file: ../adc.c
Invoking: AVR Compiler
avr-gcc -Wall -g2 -gstabs -O0 -fpack-struct -fshort-enums -ffunction-sections -fdata-sections -std=gnu99 -funsigned-char -funsigned-bitfields -mmcu=atmega32 -DF_CPU=1000000UL -MMD -MP -MF"adc.d" -MT"adc.o" -c -o "adc.o" "../adc.c"
Finished building: ../adc.c
 
Building file: ../lm35_sensor.c
Invoking: AVR Compiler
avr-gcc -Wall -g2 -gstabs -O0 -fpack-struct -fshort-enums -ffunction-sections -fdata-sections -std=gnu99 -funsigned-char -funsigned-bitfields -mmcu=atmega32 -DF_CPU=1000000UL -MMD -MP -MF"lm35_sensor.d" -MT"lm35_sensor.o" -c -o "lm35_sensor.o" "../lm35_sensor.c"
Finished building: ../lm35_sensor.c
 
Building file: ../run_app.c
Invoking: AVR Compiler
avr-gcc -Wall -g2 -gstabs -O0 -fpack-struct -fshort-enums -ffunction-sections -fdata-sections -std=gnu99 -funsigned-char -funsigned-bitfields -mmcu=atmega32 -DF_CPU=1000000UL -MMD -MP -MF"run_app.d" -MT"run_app.o" -c -o "run_app.o" "../run_app.c"
Finished building: ../run_app.c
 
Building target: projec.elf
Invoking: AVR C Linker
avr-gcc -Wl,-Map,projec.map -mmcu=atmega32 -o "projec.elf"  ./adc.o ./gpio.o ./lcd.o ./lm35_sensor.o ./motor.o ./pwm.o ./run_app.o   
Finished building target: projec.elf
 
Invoking: AVR Create Extended Listing
avr-objdump -h -S projec.elf  >"projec.lss"
Finished building: projec.lss
 
Invoking: Print Size
avr-size --format=avr --mcu=atmega32 projec.elf
AVR Memory Usage
----------------
Device: atmega32

Program:    9394 bytes (28.7% Full)
(.text + .data + .bootloader)

Data:        288 bytes (14.1% Full)
(.data + .bss + .noinit)


Finished building: sizedummy
 
19:44:19 **** Incremental Build of configuration Debug for project projec ****
make all 
Invoking: Print Size
avr-size --format=avr --mcu=atmega32 projec.elf
AVR Memory Usage
----------------
Device: atmega32

Program:    9394 bytes (28.7% Full)
(.text + .data + .bootloader)

Data:        288 bytes (14.1% Full)
(.data + .bss + .noinit)


Finished building: sizedummy
 
