18:56:25 **** Incremental Build of configuration Debug for project simonpro ****
make all 
Building file: ../main.c
Invoking: AVR Compiler
avr-gcc -Wall -g2 -gstabs -O0 -fpack-struct -fshort-enums -ffunction-sections -fdata-sections -std=gnu99 -funsigned-char -funsigned-bitfields -mmcu=atmega32 -DF_CPU=1000000UL -MMD -MP -MF"main.d" -MT"main.o" -c -o "main.o" "../main.c"
In file included from ../main.c:12:
c:/winavr-20100110/lib/gcc/../../avr/include/util/delay.h:90:3: warning: #warning "Compiler optimizations disabled; functions from <util/delay.h> won't work as designed"
Finished building: ../main.c
 
Building target: simonpro.elf
Invoking: AVR C Linker
avr-gcc -Wl,-Map,simonpro.map -mmcu=atmega32 -o "simonpro.elf"  ./gpio.o ./interrupt.o ./lcd.o ./main.o   
Finished building target: simonpro.elf
 
Invoking: AVR Create Extended Listing
avr-objdump -h -S simonpro.elf  >"simonpro.lss"
Finished building: simonpro.lss
 
Invoking: Print Size
avr-size --format=avr --mcu=atmega32 simonpro.elf
AVR Memory Usage
----------------
Device: atmega32

Program:   14494 bytes (44.2% Full)
(.text + .data + .bootloader)

Data:        356 bytes (17.4% Full)
(.data + .bss + .noinit)


Finished building: sizedummy
 

18:56:26 Build Finished. 0 errors, 1 warnings. (took 556ms)

