00:06:15 **** Incremental Build of configuration Debug for project project ****
make all 
Building file: ../project.c
Invoking: AVR Compiler
avr-gcc -Wall -g2 -gstabs -O0 -fpack-struct -fshort-enums -ffunction-sections -fdata-sections -std=gnu99 -funsigned-char -funsigned-bitfields -mmcu=atmega32 -DF_CPU=1000000UL -MMD -MP -MF"project.d" -MT"project.o" -c -o "project.o" "../project.c"
In file included from ../project.c:11:
c:/winavr-20100110/lib/gcc/../../avr/include/util/delay.h:90:3: warning: #warning "Compiler optimizations disabled; functions from <util/delay.h> won't work as designed"
Finished building: ../project.c
 
Building target: project.elf
Invoking: AVR C Linker
avr-gcc -Wl,-Map,project.map -mmcu=atmega32 -o "project.elf"  ./project.o   
Finished building target: project.elf
 
Invoking: AVR Create Extended Listing
avr-objdump -h -S project.elf  >"project.lss"
Finished building: project.lss
 
Invoking: Print Size
avr-size --format=avr --mcu=atmega32 project.elf
AVR Memory Usage
----------------
Device: atmega32

Program:    5802 bytes (17.7% Full)
(.text + .data + .bootloader)

Data:         16 bytes (0.8% Full)
(.data + .bss + .noinit)


Finished building: sizedummy
 

00:06:19 Build Finished. 0 errors, 1 warnings. (took 3s.791ms)

